<?xml version="1.0" encoding="UTF-8"?>
<!-- Generated by org.testng.reporters.JUnitXMLReporter -->
<testsuite hostname="DESKTOP-1LUFFLH" ignored="0" name="LoginTest1" tests="3" failures="0" timestamp="2020-02-06T20:03:11 IST" time="13.973" errors="0">
  <testcase name="loginTest" time="9.412" classname="loginpage.LoginTest2"/>
  <testcase name="loginTest1" time="12.868" classname="loginpage.LoginTest"/>
  <testcase name="loginTest1" time="13.927" classname="loginpage.LoginTest"/>
</testsuite> <!-- LoginTest1 -->
